MyLoginApp/app/build/intermediates/manifest_merge_blame_file/debug/manifest-merger-blame-debug-report.txt
1<?xml version="1.0" encoding="utf-8"?>
2<manifest xmlns:android="http://schemas.android.com/apk/res/android"
3    xmlns:dist="http://schemas.android.com/apk/distribution"
4    package="com.hakudan.myloginapp"
5    android:versionCode="1"
6    android:versionName="1.0" >
7
8    <uses-sdk
9        android:minSdkVersion="22"
9-->src/main/AndroidManifest.xml
10        android:targetSdkVersion="32" />
10-->src/main/AndroidManifest.xml
11
12    <dist:module dist:instant="true" />
12-->src/main/AndroidManifest.xml:6:5-40
12-->src/main/AndroidManifest.xml:6:18-37
13
14    <uses-permission android:name="android.permission.INTERNET" />
14-->src/main/AndroidManifest.xml:8:5-67
14-->src/main/AndroidManifest.xml:8:22-64
15    <uses-permission android:name="android.permission.ACCESS_NETWORK_STATE" />
15-->src/main/AndroidManifest.xml:9:5-79
15-->src/main/AndroidManifest.xml:9:22-76
16
17    <application
17-->src/main/AndroidManifest.xml:11:5-65:19
18        android:allowBackup="true"
18-->src/main/AndroidManifest.xml:12:9-35
19        android:appComponentFactory="androidx.core.app.CoreComponentFactory"
19-->[androidx.core:core:1.8.0] AndroidManifest.xml:24:18-86
20        android:dataExtractionRules="@xml/data_extraction_rules"
20-->src/main/AndroidManifest.xml:13:9-65
21        android:debuggable="true"
22        android:fullBackupContent="@xml/backup_rules"
22-->src/main/AndroidManifest.xml:14:9-54
23        android:icon="@mipmap/ic_launcher"
23-->src/main/AndroidManifest.xml:15:9-43
24        android:label="@string/app_name"
24-->src/main/AndroidManifest.xml:16:9-41
25        android:roundIcon="@mipmap/ic_launcher_round"
25-->src/main/AndroidManifest.xml:17:9-54
26        android:supportsRtl="true"
26-->src/main/AndroidManifest.xml:18:9-35
27        android:testOnly="true"
28        android:theme="@style/Theme.MyLoginApp" >
28-->src/main/AndroidManifest.xml:19:9-48
29        <activity
29-->src/main/AndroidManifest.xml:21:9-27:20
30            android:name="com.hakudan.myloginapp.MainActivity"
30-->src/main/AndroidManifest.xml:22:13-41
31            android:exported="false" >
31-->src/main/AndroidManifest.xml:23:13-37
32            <meta-data
32-->src/main/AndroidManifest.xml:24:13-26:36
33                android:name="android.app.lib_name"
33-->src/main/AndroidManifest.xml:25:17-52
34                android:value="" />
34-->src/main/AndroidManifest.xml:26:17-33
35        </activity>
36        <activity
36-->src/main/AndroidManifest.xml:28:9-34:20
37            android:name="com.hakudan.myloginapp.DashboardActivity"
37-->src/main/AndroidManifest.xml:29:13-46
38            android:exported="false" >
38-->src/main/AndroidManifest.xml:30:13-37
39            <meta-data
39-->src/main/AndroidManifest.xml:24:13-26:36
40                android:name="android.app.lib_name"
40-->src/main/AndroidManifest.xml:25:17-52
41                android:value="" />
41-->src/main/AndroidManifest.xml:26:17-33
42        </activity>
43        <activity
43-->src/main/AndroidManifest.xml:35:9-41:20
44            android:name="com.hakudan.myloginapp.SignUp"
44-->src/main/AndroidManifest.xml:36:13-35
45            android:exported="false" >
45-->src/main/AndroidManifest.xml:37:13-37
46            <meta-data
46-->src/main/AndroidManifest.xml:24:13-26:36
47                android:name="android.app.lib_name"
47-->src/main/AndroidManifest.xml:25:17-52
48                android:value="" />
48-->src/main/AndroidManifest.xml:26:17-33
49        </activity>
50        <activity
50-->src/main/AndroidManifest.xml:42:9-48:20
51            android:name="com.hakudan.myloginapp.SignIn"
51-->src/main/AndroidManifest.xml:43:13-35
52            android:exported="false" >
52-->src/main/AndroidManifest.xml:44:13-37
53            <meta-data
53-->src/main/AndroidManifest.xml:24:13-26:36
54                android:name="android.app.lib_name"
54-->src/main/AndroidManifest.xml:25:17-52
55                android:value="" />
55-->src/main/AndroidManifest.xml:26:17-33
56        </activity>
57        <activity
57-->src/main/AndroidManifest.xml:49:9-60:20
58            android:name="com.hakudan.myloginapp.SplashScreen"
58-->src/main/AndroidManifest.xml:50:13-41
59            android:exported="true" >
59-->src/main/AndroidManifest.xml:51:13-36
60            <intent-filter>
60-->src/main/AndroidManifest.xml:52:13-55:29
61                <action android:name="android.intent.action.MAIN" />
61-->src/main/AndroidManifest.xml:53:17-69
61-->src/main/AndroidManifest.xml:53:25-66
62
63                <category android:name="android.intent.category.LAUNCHER" />
63-->src/main/AndroidManifest.xml:54:17-77
63-->src/main/AndroidManifest.xml:54:27-74
64            </intent-filter>
65
66            <meta-data
66-->src/main/AndroidManifest.xml:24:13-26:36
67                android:name="android.app.lib_name"
67-->src/main/AndroidManifest.xml:25:17-52
68                android:value="" />
68-->src/main/AndroidManifest.xml:26:17-33
69        </activity>
70
71        <meta-data
71-->src/main/AndroidManifest.xml:62:9-64:57
72            android:name="preloaded_fonts"
72-->src/main/AndroidManifest.xml:63:13-43
73            android:resource="@array/preloaded_fonts" />
73-->src/main/AndroidManifest.xml:64:13-54
74
75        <provider
75-->[androidx.emoji2:emoji2:1.2.0] AndroidManifest.xml:24:9-32:20
76            android:name="androidx.startup.InitializationProvider"
76-->[androidx.emoji2:emoji2:1.2.0] AndroidManifest.xml:25:13-67
77            android:authorities="com.hakudan.myloginapp.androidx-startup"
77-->[androidx.emoji2:emoji2:1.2.0] AndroidManifest.xml:26:13-68
78            android:exported="false" >
78-->[androidx.emoji2:emoji2:1.2.0] AndroidManifest.xml:27:13-37
79            <meta-data
79-->[androidx.emoji2:emoji2:1.2.0] AndroidManifest.xml:29:13-31:52
80                android:name="androidx.emoji2.text.EmojiCompatInitializer"
80-->[androidx.emoji2:emoji2:1.2.0] AndroidManifest.xml:30:17-75
81                android:value="androidx.startup" />
81-->[androidx.emoji2:emoji2:1.2.0] AndroidManifest.xml:31:17-49
82            <meta-data
82-->[androidx.lifecycle:lifecycle-process:2.4.1] AndroidManifest.xml:31:13-33:52
83                android:name="androidx.lifecycle.ProcessLifecycleInitializer"
83-->[androidx.lifecycle:lifecycle-process:2.4.1] AndroidManifest.xml:32:17-78
84                android:value="androidx.startup" />
84-->[androidx.lifecycle:lifecycle-process:2.4.1] AndroidManifest.xml:33:17-49
85        </provider>
86    </application>
87
88</manifest>